<?xml version="1.0" encoding="UTF-8"?>
<!-- Generated by org.testng.reporters.JUnitReportReporter -->
<testsuite hostname="DESKTOP-U67KA0C" failures="0" tests="10" name="runner.WebApp" time="165.526" errors="0" timestamp="2022-01-18T23:50:43 IST" skipped="0">
  <testcase classname="runner.WebApp" name="HomePage" time="6.192"/>
  <system-out/>
  <testcase classname="runner.WebApp" name="SignUp" time="7.905"/>
  <system-out/>
  <testcase classname="runner.WebApp" name="HomepageLogin" time="6.027"/>
  <system-out/>
  <testcase classname="runner.WebApp" name="AboutPage" time="7.091"/>
  <system-out/>
  <testcase classname="runner.WebApp" name="ContactPage" time="9.928"/>
  <system-out/>
  <testcase classname="runner.WebApp" name="OnewayPage" time="17.262"/>
  <system-out/>
  <testcase classname="runner.WebApp" name="LocalPage" time="32.606"/>
  <system-out/>
  <testcase classname="runner.WebApp" name="OutstationPage" time="33.876"/>
  <system-out/>
  <testcase classname="runner.WebApp" name="AirportPage" time="29.101"/>
  <system-out/>
  <testcase classname="runner.WebApp" name="CorporatePage" time="15.538"/>
  <system-out/>
</testsuite> <!-- runner.WebApp -->
